2021-25-05 20:44:46   INFO [RegistrationTest:30  ] : Open url - http://automationpractice.com
2021-25-05 20:44:53   INFO [RegistrationTest:32  ] : Click login - //a[@class='login']
2021-25-05 20:44:53   INFO [RegistrationTest:34  ] : Input email - resyniffa-2590@yopmail.com
2021-25-05 20:44:53   INFO [RegistrationTest:36  ] : Click submit button - //button[@id='SubmitCreate']
2021-25-05 20:44:57   INFO [RegistrationTest:38  ] : Click account create form
2021-25-05 20:44:57   INFO [RegistrationTest:40  ] : Input customer firstname - Dmytro
2021-25-05 20:44:57   INFO [RegistrationTest:42  ] : Input customer lastname - Hulak
2021-25-05 20:44:57   INFO [RegistrationTest:44  ] : Input email - resyniffa-2590@yopmail.com
2021-25-05 20:44:57   INFO [RegistrationTest:46  ] : Input password - qwerty123
2021-25-05 20:44:58   INFO [RegistrationTest:49  ] : Click uniform-newsletter checkbox
2021-25-05 20:44:58   INFO [RegistrationTest:51  ] : Click optin checkbox
2021-30-05 22:01:18   INFO [RegistrationTest:32  ] : Open url - http://automationpractice.com
2021-30-05 22:01:19   INFO [RegistrationTest:39  ] : Click login - //a[@class='login']
2021-30-05 22:01:20   INFO [RegistrationTest:41  ] : Input email - resyniffa-2590@yopmail.com
2021-30-05 22:01:20   INFO [RegistrationTest:43  ] : Click submit button - //button[@id='SubmitCreate']
2021-30-05 22:01:21   INFO [RegistrationTest:45  ] : Click account create form
2021-30-05 22:01:21   INFO [RegistrationTest:47  ] : Input customer firstname - Dmytro
2021-30-05 22:01:21   INFO [RegistrationTest:49  ] : Input customer lastname - Hulak
2021-30-05 22:01:21   INFO [RegistrationTest:51  ] : Input email - resyniffa-2590@yopmail.com
2021-30-05 22:01:21   INFO [RegistrationTest:53  ] : Input password - qwerty123
2021-30-05 22:01:22   INFO [RegistrationTest:56  ] : Click uniform-newsletter checkbox
2021-30-05 22:01:22   INFO [RegistrationTest:58  ] : Click optin checkbox
2021-30-05 22:53:51   INFO [RegistrationTestHW:28  ] : Open url - http://automationpractice.com
2021-30-05 22:53:53   INFO [RegistrationTestHW:32  ] : Click ligin - //a[@class='login'
2021-30-05 22:53:53   INFO [RegistrationTestHW:36  ] : Input email - xanale9907@isecv.com
2021-30-05 22:53:53   INFO [RegistrationTestHW:38  ] : Click submit button - //button[@id='SubmitCreate']
2021-30-05 22:53:55   INFO [RegistrationTestHW:40  ] : Input name - Alina
2021-30-05 22:53:55   INFO [RegistrationTestHW:42  ] : Input last name - Aza
2021-30-05 22:53:55   INFO [RegistrationTestHW:44  ] : Input email - xanale9907@isecv.com
2021-30-05 22:53:55   INFO [RegistrationTestHW:46  ] : Input password - fkbyf123
2021-30-05 22:53:55   INFO [RegistrationTestHW:50  ] : Click uniform-newsletter checkbox
2021-06-06 22:55:12   INFO [googleTest:37  ] : Close chromedriver
2021-06-06 22:55:15   INFO [googleTest:37  ] : Close chromedriver
2021-06-06 22:56:33   INFO [googleTest:50  ] : Close chromedriver
2021-06-06 23:02:12   INFO [googleTest:44  ] : Close chromedriver
2021-06-06 23:10:31   INFO [googleTest:44  ] : Close chromedriver
2021-06-06 23:12:21   INFO [googleTest:44  ] : Close chromedriver
2021-06-06 23:15:33   INFO [googleTest:44  ] : Close chromedriver
2021-06-06 23:16:44   INFO [googleTest:44  ] : Close chromedriver
2021-06-06 23:17:17   INFO [googleTest:45  ] : Close chromedriver
2021-06-06 23:17:40   INFO [RegistrationTestHW:28  ] : Open url - http://automationpractice.com
2021-06-06 23:17:42   INFO [RegistrationTestHW:32  ] : Click ligin - //a[@class='login'
2021-06-06 23:17:42   INFO [RegistrationTestHW:36  ] : Input email - xanale9907@isecv.com
2021-06-06 23:17:42   INFO [RegistrationTestHW:38  ] : Click submit button - //button[@id='SubmitCreate']
2021-06-06 23:17:44   INFO [RegistrationTestHW:40  ] : Input name - Alina
2021-06-06 23:17:44   INFO [RegistrationTestHW:42  ] : Input last name - Aza
2021-06-06 23:17:44   INFO [RegistrationTestHW:44  ] : Input email - xanale9907@isecv.com
2021-06-06 23:17:44   INFO [RegistrationTestHW:46  ] : Input password - fkbyf123
2021-06-06 23:17:44   INFO [RegistrationTestHW:50  ] : Click uniform-newsletter checkbox
2021-06-06 23:21:46   INFO [googleTest:38  ] : Input value in search field - junit4
2021-06-06 23:21:46   INFO [googleTest:47  ] : Close chromedriver
2021-06-06 23:39:44   INFO [googleTest:36  ] : Input value in search field - junit4
2021-06-06 23:39:54   INFO [googleTest:47  ] : Close chromedriver
2021-06-06 23:42:58   INFO [googleTest:37  ] : Input value in search field - junit4
2021-06-06 23:43:08   INFO [googleTest:49  ] : Close chromedriver
2021-06-06 23:48:58   INFO [googleTest:37  ] : Input value in search field - junit4
2021-06-06 23:49:09   INFO [googleTest:49  ] : Close chromedriver
2021-06-06 23:49:31   INFO [googleTest:37  ] : Input value in search field - junit4
2021-06-06 23:49:41   INFO [googleTest:49  ] : Close chromedriver
2021-06-06 23:50:11   INFO [googleTest:37  ] : Input value in search field - junit4
2021-06-06 23:50:21   INFO [googleTest:49  ] : Close chromedriver
2021-06-06 23:53:10   INFO [googleTest:37  ] : Input value in search field - junit4
2021-06-06 23:53:10   INFO [googleTest:38  ] : https://www.google.com/search?q=junit4&source=hp&ei=vzW9YLuvBfKN9u8P-6GrwA4&iflsig=AINFCbYAAAAAYL1Dz140EmMry_Wq3fULq9ScW66z8Ehi&oq=junit4&gs_lcp=Cgdnd3Mtd2l6EANQkwJYnAJgngJoAHAAeACAAQCIAQCSAQCYAQCgAQGqAQdnd3Mtd2l6&sclient=gws-wiz&ved=0ahUKEwj7iuzq8YPxAhXyhv0HHfvQCugQ4dUDCAc&uact=5
2021-06-06 23:53:20   INFO [googleTest:49  ] : Close chromedriver
